SF:lib/data/models/genre_model.dart
DA:5,1
DA:13,2
DA:14,1
DA:15,1
DA:18,2
DA:19,1
DA:20,1
DA:23,1
DA:24,3
DA:27,1
DA:28,3
LF:11
LH:11
end_of_record
SF:lib/presentation/common/genre.dart
DA:4,1
DA:12,1
DA:13,3
LF:3
LH:3
end_of_record
SF:lib/common/exception.dart
DA:6,1
LF:1
LH:1
end_of_record
SF:lib/data/datasource/movie_local_data_source.dart
DA:15,1
DA:18,1
DA:20,3
DA:23,2
DA:28,1
DA:30,3
DA:33,2
DA:38,1
DA:39,3
DA:41,1
DA:48,1
DA:49,3
DA:50,4
LF:13
LH:13
end_of_record
SF:lib/helper/database_helper.dart
DA:8,0
DA:12,0
DA:16,0
DA:17,0
DA:23,0
DA:24,0
DA:25,0
DA:27,0
DA:31,0
DA:32,0
DA:40,0
DA:43,0
DA:44,0
DA:45,0
DA:48,0
DA:49,0
DA:50,0
DA:53,0
DA:57,0
DA:58,0
DA:59,0
DA:62,0
DA:65,0
DA:66,0
DA:72,0
DA:73,0
DA:74,0
LF:27
LH:0
end_of_record
SF:lib/data/models/movie_table.dart
DA:11,2
DA:19,4
DA:20,2
DA:21,2
DA:22,2
DA:23,2
DA:25,4
DA:28,2
DA:29,1
DA:30,1
DA:31,1
DA:32,1
DA:33,2
DA:36,2
DA:37,12
LF:15
LH:15
end_of_record
SF:lib/data/models/movie_type.dart
DA:1,2
LF:1
LH:1
end_of_record
